running egg_info
writing ../../build/manipulator_py/manipulator_py.egg-info/PKG-INFO
writing dependency_links to ../../build/manipulator_py/manipulator_py.egg-info/dependency_links.txt
writing entry points to ../../build/manipulator_py/manipulator_py.egg-info/entry_points.txt
writing requirements to ../../build/manipulator_py/manipulator_py.egg-info/requires.txt
writing top-level names to ../../build/manipulator_py/manipulator_py.egg-info/top_level.txt
reading manifest file '../../build/manipulator_py/manipulator_py.egg-info/SOURCES.txt'
writing manifest file '../../build/manipulator_py/manipulator_py.egg-info/SOURCES.txt'
running build
running build_py
running install
running install_lib
running install_data
running install_egg_info
removing '/home/zahran/Desktop/manipulator_ws/install/manipulator_py/lib/python3.10/site-packages/manipulator_py-0.0.0-py3.10.egg-info' (and everything under it)
Copying ../../build/manipulator_py/manipulator_py.egg-info to /home/zahran/Desktop/manipulator_ws/install/manipulator_py/lib/python3.10/site-packages/manipulator_py-0.0.0-py3.10.egg-info
running install_scripts
Installing simple_parameter script to /home/zahran/Desktop/manipulator_ws/install/manipulator_py/lib/manipulator_py
Installing simple_publisher script to /home/zahran/Desktop/manipulator_ws/install/manipulator_py/lib/manipulator_py
Installing simple_subscriber script to /home/zahran/Desktop/manipulator_ws/install/manipulator_py/lib/manipulator_py
writing list of installed files to '/home/zahran/Desktop/manipulator_ws/build/manipulator_py/install.log'
