/home/zahran/Desktop/manipulator_ws/install/manipulator_py/lib/python3.10/site-packages/manipulator_py/simple_publisher.py
/home/zahran/Desktop/manipulator_ws/install/manipulator_py/lib/python3.10/site-packages/manipulator_py/simple_parameter.py
/home/zahran/Desktop/manipulator_ws/install/manipulator_py/lib/python3.10/site-packages/manipulator_py/__init__.py
/home/zahran/Desktop/manipulator_ws/install/manipulator_py/lib/python3.10/site-packages/manipulator_py/simple_subscriber.py
/home/zahran/Desktop/manipulator_ws/install/manipulator_py/lib/python3.10/site-packages/manipulator_py/__pycache__/simple_publisher.cpython-310.pyc
/home/zahran/Desktop/manipulator_ws/install/manipulator_py/lib/python3.10/site-packages/manipulator_py/__pycache__/simple_parameter.cpython-310.pyc
/home/zahran/Desktop/manipulator_ws/install/manipulator_py/lib/python3.10/site-packages/manipulator_py/__pycache__/__init__.cpython-310.pyc
/home/zahran/Desktop/manipulator_ws/install/manipulator_py/lib/python3.10/site-packages/manipulator_py/__pycache__/simple_subscriber.cpython-310.pyc
/home/zahran/Desktop/manipulator_ws/install/manipulator_py/share/ament_index/resource_index/packages/manipulator_py
/home/zahran/Desktop/manipulator_ws/install/manipulator_py/share/manipulator_py/package.xml
/home/zahran/Desktop/manipulator_ws/install/manipulator_py/lib/python3.10/site-packages/manipulator_py-0.0.0-py3.10.egg-info/SOURCES.txt
/home/zahran/Desktop/manipulator_ws/install/manipulator_py/lib/python3.10/site-packages/manipulator_py-0.0.0-py3.10.egg-info/dependency_links.txt
/home/zahran/Desktop/manipulator_ws/install/manipulator_py/lib/python3.10/site-packages/manipulator_py-0.0.0-py3.10.egg-info/requires.txt
/home/zahran/Desktop/manipulator_ws/install/manipulator_py/lib/python3.10/site-packages/manipulator_py-0.0.0-py3.10.egg-info/top_level.txt
/home/zahran/Desktop/manipulator_ws/install/manipulator_py/lib/python3.10/site-packages/manipulator_py-0.0.0-py3.10.egg-info/entry_points.txt
/home/zahran/Desktop/manipulator_ws/install/manipulator_py/lib/python3.10/site-packages/manipulator_py-0.0.0-py3.10.egg-info/zip-safe
/home/zahran/Desktop/manipulator_ws/install/manipulator_py/lib/python3.10/site-packages/manipulator_py-0.0.0-py3.10.egg-info/PKG-INFO
/home/zahran/Desktop/manipulator_ws/install/manipulator_py/lib/manipulator_py/simple_parameter
/home/zahran/Desktop/manipulator_ws/install/manipulator_py/lib/manipulator_py/simple_publisher
/home/zahran/Desktop/manipulator_ws/install/manipulator_py/lib/manipulator_py/simple_subscriber
