[0.017s] Invoking command in '/home/zahran/Desktop/manipulator_ws/build/manipulator_description': CMAKE_PREFIX_PATH=/opt/ros/humble /usr/bin/cmake --build /home/zahran/Desktop/manipulator_ws/build/manipulator_description -- -j16 -l16
[0.231s] Invoked command in '/home/zahran/Desktop/manipulator_ws/build/manipulator_description' returned '0': CMAKE_PREFIX_PATH=/opt/ros/humble /usr/bin/cmake --build /home/zahran/Desktop/manipulator_ws/build/manipulator_description -- -j16 -l16
[0.241s] Invoking command in '/home/zahran/Desktop/manipulator_ws/build/manipulator_description': CMAKE_PREFIX_PATH=/opt/ros/humble /usr/bin/cmake --install /home/zahran/Desktop/manipulator_ws/build/manipulator_description
[0.248s] -- Install configuration: ""
[0.248s] -- Up-to-date: /home/zahran/Desktop/manipulator_ws/install/manipulator_description/share/manipulator_description/meshes
[0.248s] -- Up-to-date: /home/zahran/Desktop/manipulator_ws/install/manipulator_description/share/manipulator_description/meshes/basement.STL
[0.248s] -- Up-to-date: /home/zahran/Desktop/manipulator_ws/install/manipulator_description/share/manipulator_description/meshes/triangular_link.STL
[0.248s] -- Up-to-date: /home/zahran/Desktop/manipulator_ws/install/manipulator_description/share/manipulator_description/meshes/plate.STL
[0.249s] -- Up-to-date: /home/zahran/Desktop/manipulator_ws/install/manipulator_description/share/manipulator_description/meshes/vertical_drive_arm.STL
[0.249s] -- Up-to-date: /home/zahran/Desktop/manipulator_ws/install/manipulator_description/share/manipulator_description/meshes/pi_camera.STL
[0.249s] -- Up-to-date: /home/zahran/Desktop/manipulator_ws/install/manipulator_description/share/manipulator_description/meshes/base_plate.STL
[0.249s] -- Up-to-date: /home/zahran/Desktop/manipulator_ws/install/manipulator_description/share/manipulator_description/meshes/servo_plate.STL
[0.249s] -- Up-to-date: /home/zahran/Desktop/manipulator_ws/install/manipulator_description/share/manipulator_description/meshes/left_finger.STL
[0.249s] -- Up-to-date: /home/zahran/Desktop/manipulator_ws/install/manipulator_description/share/manipulator_description/meshes/right_finger.STL
[0.249s] -- Up-to-date: /home/zahran/Desktop/manipulator_ws/install/manipulator_description/share/manipulator_description/meshes/claw_support.STL
[0.249s] -- Up-to-date: /home/zahran/Desktop/manipulator_ws/install/manipulator_description/share/manipulator_description/meshes/link.STL
[0.249s] -- Up-to-date: /home/zahran/Desktop/manipulator_ws/install/manipulator_description/share/manipulator_description/meshes/round_plate.STL
[0.249s] -- Up-to-date: /home/zahran/Desktop/manipulator_ws/install/manipulator_description/share/manipulator_description/meshes/horizontal_arm.STL
[0.249s] -- Up-to-date: /home/zahran/Desktop/manipulator_ws/install/manipulator_description/share/manipulator_description/meshes/forward_drive_arm.STL
[0.249s] -- Up-to-date: /home/zahran/Desktop/manipulator_ws/install/manipulator_description/share/manipulator_description/urdf
[0.250s] -- Installing: /home/zahran/Desktop/manipulator_ws/install/manipulator_description/share/manipulator_description/urdf/bot.urdf.xacro
[0.250s] -- Up-to-date: /home/zahran/Desktop/manipulator_ws/install/manipulator_description/share/manipulator_description/launch
[0.250s] -- Up-to-date: /home/zahran/Desktop/manipulator_ws/install/manipulator_description/share/manipulator_description/launch/display.launch.py
[0.250s] -- Up-to-date: /home/zahran/Desktop/manipulator_ws/install/manipulator_description/share/manipulator_description/rviz
[0.250s] -- Up-to-date: /home/zahran/Desktop/manipulator_ws/install/manipulator_description/share/manipulator_description/rviz/manipulator_rviz.rviz
[0.250s] -- Up-to-date: /home/zahran/Desktop/manipulator_ws/install/manipulator_description/share/ament_index/resource_index/package_run_dependencies/manipulator_description
[0.250s] -- Up-to-date: /home/zahran/Desktop/manipulator_ws/install/manipulator_description/share/ament_index/resource_index/parent_prefix_path/manipulator_description
[0.250s] -- Up-to-date: /home/zahran/Desktop/manipulator_ws/install/manipulator_description/share/manipulator_description/environment/ament_prefix_path.sh
[0.250s] -- Up-to-date: /home/zahran/Desktop/manipulator_ws/install/manipulator_description/share/manipulator_description/environment/ament_prefix_path.dsv
[0.250s] -- Up-to-date: /home/zahran/Desktop/manipulator_ws/install/manipulator_description/share/manipulator_description/environment/path.sh
[0.250s] -- Up-to-date: /home/zahran/Desktop/manipulator_ws/install/manipulator_description/share/manipulator_description/environment/path.dsv
[0.250s] -- Up-to-date: /home/zahran/Desktop/manipulator_ws/install/manipulator_description/share/manipulator_description/local_setup.bash
[0.251s] -- Up-to-date: /home/zahran/Desktop/manipulator_ws/install/manipulator_description/share/manipulator_description/local_setup.sh
[0.251s] -- Up-to-date: /home/zahran/Desktop/manipulator_ws/install/manipulator_description/share/manipulator_description/local_setup.zsh
[0.251s] -- Up-to-date: /home/zahran/Desktop/manipulator_ws/install/manipulator_description/share/manipulator_description/local_setup.dsv
[0.252s] -- Installing: /home/zahran/Desktop/manipulator_ws/install/manipulator_description/share/manipulator_description/package.dsv
[0.252s] -- Up-to-date: /home/zahran/Desktop/manipulator_ws/install/manipulator_description/share/ament_index/resource_index/packages/manipulator_description
[0.252s] -- Up-to-date: /home/zahran/Desktop/manipulator_ws/install/manipulator_description/share/manipulator_description/cmake/manipulator_descriptionConfig.cmake
[0.252s] -- Up-to-date: /home/zahran/Desktop/manipulator_ws/install/manipulator_description/share/manipulator_description/cmake/manipulator_descriptionConfig-version.cmake
[0.252s] -- Up-to-date: /home/zahran/Desktop/manipulator_ws/install/manipulator_description/share/manipulator_description/package.xml
[0.253s] Invoked command in '/home/zahran/Desktop/manipulator_ws/build/manipulator_description' returned '0': CMAKE_PREFIX_PATH=/opt/ros/humble /usr/bin/cmake --install /home/zahran/Desktop/manipulator_ws/build/manipulator_description
