running egg_info
creating ../../build/manipulator_py/manipulator_py.egg-info
writing ../../build/manipulator_py/manipulator_py.egg-info/PKG-INFO
writing dependency_links to ../../build/manipulator_py/manipulator_py.egg-info/dependency_links.txt
writing entry points to ../../build/manipulator_py/manipulator_py.egg-info/entry_points.txt
writing requirements to ../../build/manipulator_py/manipulator_py.egg-info/requires.txt
writing top-level names to ../../build/manipulator_py/manipulator_py.egg-info/top_level.txt
writing manifest file '../../build/manipulator_py/manipulator_py.egg-info/SOURCES.txt'
reading manifest file '../../build/manipulator_py/manipulator_py.egg-info/SOURCES.txt'
writing manifest file '../../build/manipulator_py/manipulator_py.egg-info/SOURCES.txt'
running build
running build_py
creating /home/zahran/Desktop/manipulator_ws/build/manipulator_py/build
creating /home/zahran/Desktop/manipulator_ws/build/manipulator_py/build/lib
creating /home/zahran/Desktop/manipulator_ws/build/manipulator_py/build/lib/manipulator_py
copying manipulator_py/__init__.py -> /home/zahran/Desktop/manipulator_ws/build/manipulator_py/build/lib/manipulator_py
running install
running install_lib
creating /home/zahran/Desktop/manipulator_ws/install/manipulator_py/lib/python3.10/site-packages/manipulator_py
copying /home/zahran/Desktop/manipulator_ws/build/manipulator_py/build/lib/manipulator_py/__init__.py -> /home/zahran/Desktop/manipulator_ws/install/manipulator_py/lib/python3.10/site-packages/manipulator_py
byte-compiling /home/zahran/Desktop/manipulator_ws/install/manipulator_py/lib/python3.10/site-packages/manipulator_py/__init__.py to __init__.cpython-310.pyc
running install_data
creating /home/zahran/Desktop/manipulator_ws/install/manipulator_py/share/ament_index
creating /home/zahran/Desktop/manipulator_ws/install/manipulator_py/share/ament_index/resource_index
creating /home/zahran/Desktop/manipulator_ws/install/manipulator_py/share/ament_index/resource_index/packages
copying resource/manipulator_py -> /home/zahran/Desktop/manipulator_ws/install/manipulator_py/share/ament_index/resource_index/packages
copying package.xml -> /home/zahran/Desktop/manipulator_ws/install/manipulator_py/share/manipulator_py
running install_egg_info
Copying ../../build/manipulator_py/manipulator_py.egg-info to /home/zahran/Desktop/manipulator_ws/install/manipulator_py/lib/python3.10/site-packages/manipulator_py-0.0.0-py3.10.egg-info
running install_scripts
writing list of installed files to '/home/zahran/Desktop/manipulator_ws/build/manipulator_py/install.log'
