[0.574s] Invoking command in '/home/zahran/Desktop/manipulator_ws/src/manipulator_py': PYTHONPATH=/home/zahran/Desktop/manipulator_ws/build/manipulator_py/prefix_override:/usr/lib/python3/dist-packages/colcon_core/task/python/colcon_distutils_commands:/home/zahran/Desktop/manipulator_ws/install/manipulator_py/lib/python3.10/site-packages:${PYTHONPATH} /usr/bin/python3 -W ignore:setup.py install is deprecated -W ignore:easy_install command is deprecated setup.py egg_info --egg-base ../../build/manipulator_py build --build-base /home/zahran/Desktop/manipulator_ws/build/manipulator_py/build install --record /home/zahran/Desktop/manipulator_ws/build/manipulator_py/install.log --single-version-externally-managed install_data
[0.743s] running egg_info
[0.743s] creating ../../build/manipulator_py/manipulator_py.egg-info
[0.744s] writing ../../build/manipulator_py/manipulator_py.egg-info/PKG-INFO
[0.744s] writing dependency_links to ../../build/manipulator_py/manipulator_py.egg-info/dependency_links.txt
[0.744s] writing entry points to ../../build/manipulator_py/manipulator_py.egg-info/entry_points.txt
[0.744s] writing requirements to ../../build/manipulator_py/manipulator_py.egg-info/requires.txt
[0.744s] writing top-level names to ../../build/manipulator_py/manipulator_py.egg-info/top_level.txt
[0.745s] writing manifest file '../../build/manipulator_py/manipulator_py.egg-info/SOURCES.txt'
[0.747s] reading manifest file '../../build/manipulator_py/manipulator_py.egg-info/SOURCES.txt'
[0.747s] writing manifest file '../../build/manipulator_py/manipulator_py.egg-info/SOURCES.txt'
[0.747s] running build
[0.747s] running build_py
[0.747s] creating /home/zahran/Desktop/manipulator_ws/build/manipulator_py/build
[0.748s] creating /home/zahran/Desktop/manipulator_ws/build/manipulator_py/build/lib
[0.748s] creating /home/zahran/Desktop/manipulator_ws/build/manipulator_py/build/lib/manipulator_py
[0.748s] copying manipulator_py/__init__.py -> /home/zahran/Desktop/manipulator_ws/build/manipulator_py/build/lib/manipulator_py
[0.748s] running install
[0.748s] running install_lib
[0.748s] creating /home/zahran/Desktop/manipulator_ws/install/manipulator_py/lib/python3.10/site-packages/manipulator_py
[0.748s] copying /home/zahran/Desktop/manipulator_ws/build/manipulator_py/build/lib/manipulator_py/__init__.py -> /home/zahran/Desktop/manipulator_ws/install/manipulator_py/lib/python3.10/site-packages/manipulator_py
[0.749s] byte-compiling /home/zahran/Desktop/manipulator_ws/install/manipulator_py/lib/python3.10/site-packages/manipulator_py/__init__.py to __init__.cpython-310.pyc
[0.749s] running install_data
[0.749s] creating /home/zahran/Desktop/manipulator_ws/install/manipulator_py/share/ament_index
[0.749s] creating /home/zahran/Desktop/manipulator_ws/install/manipulator_py/share/ament_index/resource_index
[0.749s] creating /home/zahran/Desktop/manipulator_ws/install/manipulator_py/share/ament_index/resource_index/packages
[0.749s] copying resource/manipulator_py -> /home/zahran/Desktop/manipulator_ws/install/manipulator_py/share/ament_index/resource_index/packages
[0.749s] copying package.xml -> /home/zahran/Desktop/manipulator_ws/install/manipulator_py/share/manipulator_py
[0.749s] running install_egg_info
[0.750s] Copying ../../build/manipulator_py/manipulator_py.egg-info to /home/zahran/Desktop/manipulator_ws/install/manipulator_py/lib/python3.10/site-packages/manipulator_py-0.0.0-py3.10.egg-info
[0.751s] running install_scripts
[0.764s] writing list of installed files to '/home/zahran/Desktop/manipulator_ws/build/manipulator_py/install.log'
[0.782s] Invoked command in '/home/zahran/Desktop/manipulator_ws/src/manipulator_py' returned '0': PYTHONPATH=/home/zahran/Desktop/manipulator_ws/build/manipulator_py/prefix_override:/usr/lib/python3/dist-packages/colcon_core/task/python/colcon_distutils_commands:/home/zahran/Desktop/manipulator_ws/install/manipulator_py/lib/python3.10/site-packages:${PYTHONPATH} /usr/bin/python3 -W ignore:setup.py install is deprecated -W ignore:easy_install command is deprecated setup.py egg_info --egg-base ../../build/manipulator_py build --build-base /home/zahran/Desktop/manipulator_ws/build/manipulator_py/build install --record /home/zahran/Desktop/manipulator_ws/build/manipulator_py/install.log --single-version-externally-managed install_data
