[0.020s] Invoking command in '/home/zahran/Desktop/manipulator_ws/build/manipulator_description': CMAKE_PREFIX_PATH=/opt/ros/humble /usr/bin/cmake --build /home/zahran/Desktop/manipulator_ws/build/manipulator_description -- -j16 -l16
[0.082s] -- Found ament_cmake: 1.3.11 (/opt/ros/humble/share/ament_cmake/cmake)
[0.237s] -- Found ament_lint_auto: 0.12.11 (/opt/ros/humble/share/ament_lint_auto/cmake)
[0.342s] -- Added test 'flake8' to check Python code syntax and style conventions
[0.343s] -- Added test 'lint_cmake' to check CMake code style
[0.343s] -- Added test 'pep257' to check Python code against some of the docstring style conventions in PEP 257
[0.345s] -- Added test 'xmllint' to check XML markup files
[0.347s] -- Configuring done
[0.353s] -- Generating done
[0.355s] -- Build files have been written to: /home/zahran/Desktop/manipulator_ws/build/manipulator_description
[0.375s] Invoked command in '/home/zahran/Desktop/manipulator_ws/build/manipulator_description' returned '0': CMAKE_PREFIX_PATH=/opt/ros/humble /usr/bin/cmake --build /home/zahran/Desktop/manipulator_ws/build/manipulator_description -- -j16 -l16
[0.385s] Invoking command in '/home/zahran/Desktop/manipulator_ws/build/manipulator_description': CMAKE_PREFIX_PATH=/opt/ros/humble /usr/bin/cmake --install /home/zahran/Desktop/manipulator_ws/build/manipulator_description
[0.391s] -- Install configuration: ""
[0.391s] -- Up-to-date: /home/zahran/Desktop/manipulator_ws/install/manipulator_description/share/manipulator_description/meshes
[0.391s] -- Up-to-date: /home/zahran/Desktop/manipulator_ws/install/manipulator_description/share/manipulator_description/meshes/basement.STL
[0.391s] -- Up-to-date: /home/zahran/Desktop/manipulator_ws/install/manipulator_description/share/manipulator_description/meshes/triangular_link.STL
[0.391s] -- Up-to-date: /home/zahran/Desktop/manipulator_ws/install/manipulator_description/share/manipulator_description/meshes/plate.STL
[0.391s] -- Up-to-date: /home/zahran/Desktop/manipulator_ws/install/manipulator_description/share/manipulator_description/meshes/vertical_drive_arm.STL
[0.392s] -- Up-to-date: /home/zahran/Desktop/manipulator_ws/install/manipulator_description/share/manipulator_description/meshes/base_plate.STL
[0.392s] -- Up-to-date: /home/zahran/Desktop/manipulator_ws/install/manipulator_description/share/manipulator_description/meshes/servo_plate.STL
[0.392s] -- Up-to-date: /home/zahran/Desktop/manipulator_ws/install/manipulator_description/share/manipulator_description/meshes/left_finger.STL
[0.392s] -- Up-to-date: /home/zahran/Desktop/manipulator_ws/install/manipulator_description/share/manipulator_description/meshes/right_finger.STL
[0.392s] -- Up-to-date: /home/zahran/Desktop/manipulator_ws/install/manipulator_description/share/manipulator_description/meshes/claw_support.STL
[0.392s] -- Up-to-date: /home/zahran/Desktop/manipulator_ws/install/manipulator_description/share/manipulator_description/meshes/link.STL
[0.392s] -- Up-to-date: /home/zahran/Desktop/manipulator_ws/install/manipulator_description/share/manipulator_description/meshes/round_plate.STL
[0.392s] -- Up-to-date: /home/zahran/Desktop/manipulator_ws/install/manipulator_description/share/manipulator_description/meshes/horizontal_arm.STL
[0.392s] -- Up-to-date: /home/zahran/Desktop/manipulator_ws/install/manipulator_description/share/manipulator_description/meshes/forward_drive_arm.STL
[0.392s] -- Up-to-date: /home/zahran/Desktop/manipulator_ws/install/manipulator_description/share/manipulator_description/urdf
[0.392s] -- Up-to-date: /home/zahran/Desktop/manipulator_ws/install/manipulator_description/share/manipulator_description/urdf/bot.urdf.xacro
[0.392s] -- Installing: /home/zahran/Desktop/manipulator_ws/install/manipulator_description/share/manipulator_description/launch
[0.392s] -- Installing: /home/zahran/Desktop/manipulator_ws/install/manipulator_description/share/manipulator_description/launch/display.launch.py
[0.393s] -- Installing: /home/zahran/Desktop/manipulator_ws/install/manipulator_description/share/manipulator_description/rviz
[0.393s] -- Installing: /home/zahran/Desktop/manipulator_ws/install/manipulator_description/share/manipulator_description/rviz/manipulator_rviz.rviz
[0.393s] -- Installing: /home/zahran/Desktop/manipulator_ws/install/manipulator_description/share/ament_index/resource_index/package_run_dependencies/manipulator_description
[0.393s] -- Up-to-date: /home/zahran/Desktop/manipulator_ws/install/manipulator_description/share/ament_index/resource_index/parent_prefix_path/manipulator_description
[0.393s] -- Up-to-date: /home/zahran/Desktop/manipulator_ws/install/manipulator_description/share/manipulator_description/environment/ament_prefix_path.sh
[0.393s] -- Installing: /home/zahran/Desktop/manipulator_ws/install/manipulator_description/share/manipulator_description/environment/ament_prefix_path.dsv
[0.393s] -- Up-to-date: /home/zahran/Desktop/manipulator_ws/install/manipulator_description/share/manipulator_description/environment/path.sh
[0.393s] -- Installing: /home/zahran/Desktop/manipulator_ws/install/manipulator_description/share/manipulator_description/environment/path.dsv
[0.393s] -- Up-to-date: /home/zahran/Desktop/manipulator_ws/install/manipulator_description/share/manipulator_description/local_setup.bash
[0.393s] -- Up-to-date: /home/zahran/Desktop/manipulator_ws/install/manipulator_description/share/manipulator_description/local_setup.sh
[0.393s] -- Up-to-date: /home/zahran/Desktop/manipulator_ws/install/manipulator_description/share/manipulator_description/local_setup.zsh
[0.393s] -- Installing: /home/zahran/Desktop/manipulator_ws/install/manipulator_description/share/manipulator_description/local_setup.dsv
[0.393s] -- Installing: /home/zahran/Desktop/manipulator_ws/install/manipulator_description/share/manipulator_description/package.dsv
[0.393s] -- Up-to-date: /home/zahran/Desktop/manipulator_ws/install/manipulator_description/share/ament_index/resource_index/packages/manipulator_description
[0.393s] -- Up-to-date: /home/zahran/Desktop/manipulator_ws/install/manipulator_description/share/manipulator_description/cmake/manipulator_descriptionConfig.cmake
[0.393s] -- Up-to-date: /home/zahran/Desktop/manipulator_ws/install/manipulator_description/share/manipulator_description/cmake/manipulator_descriptionConfig-version.cmake
[0.393s] -- Installing: /home/zahran/Desktop/manipulator_ws/install/manipulator_description/share/manipulator_description/package.xml
[0.395s] Invoked command in '/home/zahran/Desktop/manipulator_ws/build/manipulator_description' returned '0': CMAKE_PREFIX_PATH=/opt/ros/humble /usr/bin/cmake --install /home/zahran/Desktop/manipulator_ws/build/manipulator_description
