[0.114s] DEBUG:colcon:Command line arguments: ['/usr/bin/colcon', 'build']
[0.114s] DEBUG:colcon:Parsed command line arguments: Namespace(log_base=None, log_level=None, verb_name='build', build_base='build', install_base='install', merge_install=False, symlink_install=False, test_result_base=None, continue_on_error=False, executor='parallel', parallel_workers=16, event_handlers=None, ignore_user_meta=False, metas=['./colcon.meta'], base_paths=['.'], packages_ignore=None, packages_ignore_regex=None, paths=None, packages_up_to=None, packages_up_to_regex=None, packages_above=None, packages_above_and_dependencies=None, packages_above_depth=None, packages_select_by_dep=None, packages_skip_by_dep=None, packages_skip_up_to=None, packages_select_build_failed=False, packages_skip_build_finished=False, packages_select_test_failures=False, packages_skip_test_passed=False, packages_select=None, packages_skip=None, packages_select_regex=None, packages_skip_regex=None, packages_start=None, packages_end=None, allow_overriding=[], cmake_args=None, cmake_target=None, cmake_target_skip_unavailable=False, cmake_clean_cache=False, cmake_clean_first=False, cmake_force_configure=False, ament_cmake_args=None, catkin_cmake_args=None, catkin_skip_building_tests=False, mixin_files=None, mixin=None, verb_parser=<colcon_mixin.mixin.mixin_argument.MixinArgumentDecorator object at 0x75037af5e3b0>, verb_extension=<colcon_core.verb.build.BuildVerb object at 0x75037b05b310>, main=<bound method BuildVerb.main of <colcon_core.verb.build.BuildVerb object at 0x75037b05b310>>, mixin_verb=('build',))
[0.299s] Level 1:colcon.colcon_core.package_discovery:discover_packages(colcon_meta) check parameters
[0.299s] Level 1:colcon.colcon_core.package_discovery:discover_packages(recursive) check parameters
[0.299s] Level 1:colcon.colcon_core.package_discovery:discover_packages(ignore) check parameters
[0.299s] Level 1:colcon.colcon_core.package_discovery:discover_packages(path) check parameters
[0.299s] Level 1:colcon.colcon_core.package_discovery:discover_packages(colcon_meta) discover
[0.299s] Level 1:colcon.colcon_core.package_discovery:discover_packages(recursive) discover
[0.299s] INFO:colcon.colcon_core.package_discovery:Crawling recursively for packages in '/home/zahran/Desktop/manipulator_ws'
[0.299s] Level 1:colcon.colcon_core.package_identification:_identify(.) by extensions ['ignore', 'ignore_ament_install']
[0.300s] Level 1:colcon.colcon_core.package_identification:_identify(.) by extension 'ignore'
[0.300s] Level 1:colcon.colcon_core.package_identification:_identify(.) by extension 'ignore_ament_install'
[0.300s] Level 1:colcon.colcon_core.package_identification:_identify(.) by extensions ['colcon_pkg']
[0.300s] Level 1:colcon.colcon_core.package_identification:_identify(.) by extension 'colcon_pkg'
[0.300s] Level 1:colcon.colcon_core.package_identification:_identify(.) by extensions ['colcon_meta']
[0.300s] Level 1:colcon.colcon_core.package_identification:_identify(.) by extension 'colcon_meta'
[0.300s] Level 1:colcon.colcon_core.package_identification:_identify(.) by extensions ['ros']
[0.300s] Level 1:colcon.colcon_core.package_identification:_identify(.) by extension 'ros'
[0.311s] Level 1:colcon.colcon_core.package_identification:_identify(.) by extensions ['cmake', 'python']
[0.311s] Level 1:colcon.colcon_core.package_identification:_identify(.) by extension 'cmake'
[0.311s] Level 1:colcon.colcon_core.package_identification:_identify(.) by extension 'python'
[0.311s] Level 1:colcon.colcon_core.package_identification:_identify(.) by extensions ['python_setup_py']
[0.311s] Level 1:colcon.colcon_core.package_identification:_identify(.) by extension 'python_setup_py'
[0.311s] Level 1:colcon.colcon_core.package_identification:_identify(build) by extensions ['ignore', 'ignore_ament_install']
[0.311s] Level 1:colcon.colcon_core.package_identification:_identify(build) by extension 'ignore'
[0.311s] Level 1:colcon.colcon_core.package_identification:_identify(build) ignored
[0.311s] Level 1:colcon.colcon_core.package_identification:_identify(install) by extensions ['ignore', 'ignore_ament_install']
[0.311s] Level 1:colcon.colcon_core.package_identification:_identify(install) by extension 'ignore'
[0.312s] Level 1:colcon.colcon_core.package_identification:_identify(install) ignored
[0.312s] Level 1:colcon.colcon_core.package_identification:_identify(log) by extensions ['ignore', 'ignore_ament_install']
[0.312s] Level 1:colcon.colcon_core.package_identification:_identify(log) by extension 'ignore'
[0.312s] Level 1:colcon.colcon_core.package_identification:_identify(log) ignored
[0.312s] Level 1:colcon.colcon_core.package_identification:_identify(src) by extensions ['ignore', 'ignore_ament_install']
[0.312s] Level 1:colcon.colcon_core.package_identification:_identify(src) by extension 'ignore'
[0.312s] Level 1:colcon.colcon_core.package_identification:_identify(src) by extension 'ignore_ament_install'
[0.312s] Level 1:colcon.colcon_core.package_identification:_identify(src) by extensions ['colcon_pkg']
[0.312s] Level 1:colcon.colcon_core.package_identification:_identify(src) by extension 'colcon_pkg'
[0.312s] Level 1:colcon.colcon_core.package_identification:_identify(src) by extensions ['colcon_meta']
[0.312s] Level 1:colcon.colcon_core.package_identification:_identify(src) by extension 'colcon_meta'
[0.312s] Level 1:colcon.colcon_core.package_identification:_identify(src) by extensions ['ros']
[0.312s] Level 1:colcon.colcon_core.package_identification:_identify(src) by extension 'ros'
[0.312s] Level 1:colcon.colcon_core.package_identification:_identify(src) by extensions ['cmake', 'python']
[0.312s] Level 1:colcon.colcon_core.package_identification:_identify(src) by extension 'cmake'
[0.312s] Level 1:colcon.colcon_core.package_identification:_identify(src) by extension 'python'
[0.313s] Level 1:colcon.colcon_core.package_identification:_identify(src) by extensions ['python_setup_py']
[0.313s] Level 1:colcon.colcon_core.package_identification:_identify(src) by extension 'python_setup_py'
[0.313s] Level 1:colcon.colcon_core.package_identification:_identify(src/manipulator_description) by extensions ['ignore', 'ignore_ament_install']
[0.313s] Level 1:colcon.colcon_core.package_identification:_identify(src/manipulator_description) by extension 'ignore'
[0.313s] Level 1:colcon.colcon_core.package_identification:_identify(src/manipulator_description) by extension 'ignore_ament_install'
[0.313s] Level 1:colcon.colcon_core.package_identification:_identify(src/manipulator_description) by extensions ['colcon_pkg']
[0.313s] Level 1:colcon.colcon_core.package_identification:_identify(src/manipulator_description) by extension 'colcon_pkg'
[0.313s] Level 1:colcon.colcon_core.package_identification:_identify(src/manipulator_description) by extensions ['colcon_meta']
[0.313s] Level 1:colcon.colcon_core.package_identification:_identify(src/manipulator_description) by extension 'colcon_meta'
[0.313s] Level 1:colcon.colcon_core.package_identification:_identify(src/manipulator_description) by extensions ['ros']
[0.313s] Level 1:colcon.colcon_core.package_identification:_identify(src/manipulator_description) by extension 'ros'
[0.316s] DEBUG:colcon.colcon_core.package_identification:Package 'src/manipulator_description' with type 'ros.ament_cmake' and name 'manipulator_description'
[0.316s] Level 1:colcon.colcon_core.package_identification:_identify(src/manipulator_py) by extensions ['ignore', 'ignore_ament_install']
[0.316s] Level 1:colcon.colcon_core.package_identification:_identify(src/manipulator_py) by extension 'ignore'
[0.316s] Level 1:colcon.colcon_core.package_identification:_identify(src/manipulator_py) by extension 'ignore_ament_install'
[0.316s] Level 1:colcon.colcon_core.package_identification:_identify(src/manipulator_py) by extensions ['colcon_pkg']
[0.316s] Level 1:colcon.colcon_core.package_identification:_identify(src/manipulator_py) by extension 'colcon_pkg'
[0.316s] Level 1:colcon.colcon_core.package_identification:_identify(src/manipulator_py) by extensions ['colcon_meta']
[0.316s] Level 1:colcon.colcon_core.package_identification:_identify(src/manipulator_py) by extension 'colcon_meta'
[0.316s] Level 1:colcon.colcon_core.package_identification:_identify(src/manipulator_py) by extensions ['ros']
[0.316s] Level 1:colcon.colcon_core.package_identification:_identify(src/manipulator_py) by extension 'ros'
[0.317s] DEBUG:colcon.colcon_core.package_identification:Package 'src/manipulator_py' with type 'ros.ament_python' and name 'manipulator_py'
[0.317s] Level 1:colcon.colcon_core.package_discovery:discover_packages(recursive) using defaults
[0.317s] Level 1:colcon.colcon_core.package_discovery:discover_packages(ignore) discover
[0.317s] Level 1:colcon.colcon_core.package_discovery:discover_packages(ignore) using defaults
[0.317s] Level 1:colcon.colcon_core.package_discovery:discover_packages(path) discover
[0.317s] Level 1:colcon.colcon_core.package_discovery:discover_packages(path) using defaults
[0.346s] Level 1:colcon.colcon_core.package_discovery:discover_packages(prefix_path) check parameters
[0.346s] Level 1:colcon.colcon_core.package_discovery:discover_packages(prefix_path) discover
[0.347s] DEBUG:colcon.colcon_installed_package_information.package_discovery:Found 2 installed packages in /home/zahran/Desktop/manipulator_ws/install
[0.348s] DEBUG:colcon.colcon_installed_package_information.package_discovery:Found 275 installed packages in /opt/ros/humble
[0.349s] Level 1:colcon.colcon_core.package_discovery:discover_packages(prefix_path) using defaults
[0.377s] Level 5:colcon.colcon_core.verb:set package 'manipulator_description' build argument 'cmake_args' from command line to 'None'
[0.377s] Level 5:colcon.colcon_core.verb:set package 'manipulator_description' build argument 'cmake_target' from command line to 'None'
[0.377s] Level 5:colcon.colcon_core.verb:set package 'manipulator_description' build argument 'cmake_target_skip_unavailable' from command line to 'False'
[0.377s] Level 5:colcon.colcon_core.verb:set package 'manipulator_description' build argument 'cmake_clean_cache' from command line to 'False'
[0.377s] Level 5:colcon.colcon_core.verb:set package 'manipulator_description' build argument 'cmake_clean_first' from command line to 'False'
[0.377s] Level 5:colcon.colcon_core.verb:set package 'manipulator_description' build argument 'cmake_force_configure' from command line to 'False'
[0.377s] Level 5:colcon.colcon_core.verb:set package 'manipulator_description' build argument 'ament_cmake_args' from command line to 'None'
[0.377s] Level 5:colcon.colcon_core.verb:set package 'manipulator_description' build argument 'catkin_cmake_args' from command line to 'None'
[0.377s] Level 5:colcon.colcon_core.verb:set package 'manipulator_description' build argument 'catkin_skip_building_tests' from command line to 'False'
[0.377s] DEBUG:colcon.colcon_core.verb:Building package 'manipulator_description' with the following arguments: {'ament_cmake_args': None, 'build_base': '/home/zahran/Desktop/manipulator_ws/build/manipulator_description', 'catkin_cmake_args': None, 'catkin_skip_building_tests': False, 'cmake_args': None, 'cmake_clean_cache': False, 'cmake_clean_first': False, 'cmake_force_configure': False, 'cmake_target': None, 'cmake_target_skip_unavailable': False, 'install_base': '/home/zahran/Desktop/manipulator_ws/install/manipulator_description', 'merge_install': False, 'path': '/home/zahran/Desktop/manipulator_ws/src/manipulator_description', 'symlink_install': False, 'test_result_base': None}
[0.377s] Level 5:colcon.colcon_core.verb:set package 'manipulator_py' build argument 'cmake_args' from command line to 'None'
[0.377s] Level 5:colcon.colcon_core.verb:set package 'manipulator_py' build argument 'cmake_target' from command line to 'None'
[0.377s] Level 5:colcon.colcon_core.verb:set package 'manipulator_py' build argument 'cmake_target_skip_unavailable' from command line to 'False'
[0.377s] Level 5:colcon.colcon_core.verb:set package 'manipulator_py' build argument 'cmake_clean_cache' from command line to 'False'
[0.377s] Level 5:colcon.colcon_core.verb:set package 'manipulator_py' build argument 'cmake_clean_first' from command line to 'False'
[0.378s] Level 5:colcon.colcon_core.verb:set package 'manipulator_py' build argument 'cmake_force_configure' from command line to 'False'
[0.378s] Level 5:colcon.colcon_core.verb:set package 'manipulator_py' build argument 'ament_cmake_args' from command line to 'None'
[0.378s] Level 5:colcon.colcon_core.verb:set package 'manipulator_py' build argument 'catkin_cmake_args' from command line to 'None'
[0.378s] Level 5:colcon.colcon_core.verb:set package 'manipulator_py' build argument 'catkin_skip_building_tests' from command line to 'False'
[0.378s] DEBUG:colcon.colcon_core.verb:Building package 'manipulator_py' with the following arguments: {'ament_cmake_args': None, 'build_base': '/home/zahran/Desktop/manipulator_ws/build/manipulator_py', 'catkin_cmake_args': None, 'catkin_skip_building_tests': False, 'cmake_args': None, 'cmake_clean_cache': False, 'cmake_clean_first': False, 'cmake_force_configure': False, 'cmake_target': None, 'cmake_target_skip_unavailable': False, 'install_base': '/home/zahran/Desktop/manipulator_ws/install/manipulator_py', 'merge_install': False, 'path': '/home/zahran/Desktop/manipulator_ws/src/manipulator_py', 'symlink_install': False, 'test_result_base': None}
[0.378s] INFO:colcon.colcon_core.executor:Executing jobs using 'parallel' executor
[0.379s] DEBUG:colcon.colcon_parallel_executor.executor.parallel:run_until_complete
[0.379s] INFO:colcon.colcon_ros.task.ament_cmake.build:Building ROS package in '/home/zahran/Desktop/manipulator_ws/src/manipulator_description' with build type 'ament_cmake'
[0.379s] INFO:colcon.colcon_cmake.task.cmake.build:Building CMake package in '/home/zahran/Desktop/manipulator_ws/src/manipulator_description'
[0.381s] INFO:colcon.colcon_core.plugin_system:Skipping extension 'colcon_core.shell.bat': Not used on non-Windows systems
[0.381s] INFO:colcon.colcon_core.shell:Skip shell extension 'powershell' for command environment: Not usable outside of PowerShell
[0.381s] DEBUG:colcon.colcon_core.shell:Skip shell extension 'dsv' for command environment
[0.384s] INFO:colcon.colcon_ros.task.ament_python.build:Building ROS package in '/home/zahran/Desktop/manipulator_ws/src/manipulator_py' with build type 'ament_python'
[0.384s] Level 1:colcon.colcon_core.shell:create_environment_hook('manipulator_py', 'ament_prefix_path')
[0.384s] INFO:colcon.colcon_core.shell:Creating environment hook '/home/zahran/Desktop/manipulator_ws/install/manipulator_py/share/manipulator_py/hook/ament_prefix_path.ps1'
[0.385s] INFO:colcon.colcon_core.shell:Creating environment descriptor '/home/zahran/Desktop/manipulator_ws/install/manipulator_py/share/manipulator_py/hook/ament_prefix_path.dsv'
[0.386s] INFO:colcon.colcon_core.shell:Creating environment hook '/home/zahran/Desktop/manipulator_ws/install/manipulator_py/share/manipulator_py/hook/ament_prefix_path.sh'
[0.386s] INFO:colcon.colcon_core.shell:Skip shell extension 'powershell' for command environment: Not usable outside of PowerShell
[0.386s] DEBUG:colcon.colcon_core.shell:Skip shell extension 'dsv' for command environment
[0.393s] DEBUG:colcon.colcon_core.event_handler.log_command:Invoking command in '/home/zahran/Desktop/manipulator_ws/build/manipulator_description': CMAKE_PREFIX_PATH=${CMAKE_PREFIX_PATH}:/home/zahran/Desktop/manipulator_ws/install/manipulator_py:/opt/ros/humble /usr/bin/cmake --build /home/zahran/Desktop/manipulator_ws/build/manipulator_description -- -j16 -l16
[0.575s] INFO:colcon.colcon_core.task.python.build:Building Python package in '/home/zahran/Desktop/manipulator_ws/src/manipulator_py'
[0.576s] INFO:colcon.colcon_core.shell:Skip shell extension 'powershell' for command environment: Not usable outside of PowerShell
[0.576s] DEBUG:colcon.colcon_core.shell:Skip shell extension 'dsv' for command environment
[0.580s] DEBUG:colcon.colcon_core.event_handler.log_command:Invoked command in '/home/zahran/Desktop/manipulator_ws/build/manipulator_description' returned '0': CMAKE_PREFIX_PATH=${CMAKE_PREFIX_PATH}:/home/zahran/Desktop/manipulator_ws/install/manipulator_py:/opt/ros/humble /usr/bin/cmake --build /home/zahran/Desktop/manipulator_ws/build/manipulator_description -- -j16 -l16
[0.588s] DEBUG:colcon.colcon_core.event_handler.log_command:Invoking command in '/home/zahran/Desktop/manipulator_ws/build/manipulator_description': CMAKE_PREFIX_PATH=${CMAKE_PREFIX_PATH}:/home/zahran/Desktop/manipulator_ws/install/manipulator_py:/opt/ros/humble /usr/bin/cmake --install /home/zahran/Desktop/manipulator_ws/build/manipulator_description
[0.599s] Level 1:colcon.colcon_core.environment:create_environment_scripts_only(manipulator_description)
[0.599s] DEBUG:colcon.colcon_core.event_handler.log_command:Invoked command in '/home/zahran/Desktop/manipulator_ws/build/manipulator_description' returned '0': CMAKE_PREFIX_PATH=${CMAKE_PREFIX_PATH}:/home/zahran/Desktop/manipulator_ws/install/manipulator_py:/opt/ros/humble /usr/bin/cmake --install /home/zahran/Desktop/manipulator_ws/build/manipulator_description
[0.600s] Level 1:colcon.colcon_core.environment:checking '/home/zahran/Desktop/manipulator_ws/install/manipulator_description' for CMake module files
[0.601s] Level 1:colcon.colcon_core.environment:checking '/home/zahran/Desktop/manipulator_ws/install/manipulator_description' for CMake config files
[0.601s] Level 1:colcon.colcon_core.shell:create_environment_hook('manipulator_description', 'cmake_prefix_path')
[0.601s] INFO:colcon.colcon_core.shell:Creating environment hook '/home/zahran/Desktop/manipulator_ws/install/manipulator_description/share/manipulator_description/hook/cmake_prefix_path.ps1'
[0.602s] INFO:colcon.colcon_core.shell:Creating environment descriptor '/home/zahran/Desktop/manipulator_ws/install/manipulator_description/share/manipulator_description/hook/cmake_prefix_path.dsv'
[0.602s] INFO:colcon.colcon_core.shell:Creating environment hook '/home/zahran/Desktop/manipulator_ws/install/manipulator_description/share/manipulator_description/hook/cmake_prefix_path.sh'
[0.602s] Level 1:colcon.colcon_core.environment:checking '/home/zahran/Desktop/manipulator_ws/install/manipulator_description/bin'
[0.602s] Level 1:colcon.colcon_core.environment:checking '/home/zahran/Desktop/manipulator_ws/install/manipulator_description/lib/pkgconfig/manipulator_description.pc'
[0.602s] Level 1:colcon.colcon_core.environment:checking '/home/zahran/Desktop/manipulator_ws/install/manipulator_description/lib/python3.10/site-packages'
[0.603s] Level 1:colcon.colcon_core.environment:checking '/home/zahran/Desktop/manipulator_ws/install/manipulator_description/bin'
[0.603s] INFO:colcon.colcon_core.shell:Creating package script '/home/zahran/Desktop/manipulator_ws/install/manipulator_description/share/manipulator_description/package.ps1'
[0.603s] INFO:colcon.colcon_core.shell:Creating package descriptor '/home/zahran/Desktop/manipulator_ws/install/manipulator_description/share/manipulator_description/package.dsv'
[0.604s] INFO:colcon.colcon_core.shell:Creating package script '/home/zahran/Desktop/manipulator_ws/install/manipulator_description/share/manipulator_description/package.sh'
[0.604s] INFO:colcon.colcon_core.shell:Creating package script '/home/zahran/Desktop/manipulator_ws/install/manipulator_description/share/manipulator_description/package.bash'
[0.605s] INFO:colcon.colcon_core.shell:Creating package script '/home/zahran/Desktop/manipulator_ws/install/manipulator_description/share/manipulator_description/package.zsh'
[0.605s] Level 1:colcon.colcon_core.environment:create_file_with_runtime_dependencies(/home/zahran/Desktop/manipulator_ws/install/manipulator_description/share/colcon-core/packages/manipulator_description)
[0.606s] Level 1:colcon.colcon_core.environment:create_environment_scripts_only(manipulator_description)
[0.606s] Level 1:colcon.colcon_core.environment:checking '/home/zahran/Desktop/manipulator_ws/install/manipulator_description' for CMake module files
[0.606s] Level 1:colcon.colcon_core.environment:checking '/home/zahran/Desktop/manipulator_ws/install/manipulator_description' for CMake config files
[0.606s] Level 1:colcon.colcon_core.shell:create_environment_hook('manipulator_description', 'cmake_prefix_path')
[0.606s] INFO:colcon.colcon_core.shell:Creating environment hook '/home/zahran/Desktop/manipulator_ws/install/manipulator_description/share/manipulator_description/hook/cmake_prefix_path.ps1'
[0.607s] INFO:colcon.colcon_core.shell:Creating environment descriptor '/home/zahran/Desktop/manipulator_ws/install/manipulator_description/share/manipulator_description/hook/cmake_prefix_path.dsv'
[0.607s] INFO:colcon.colcon_core.shell:Creating environment hook '/home/zahran/Desktop/manipulator_ws/install/manipulator_description/share/manipulator_description/hook/cmake_prefix_path.sh'
[0.607s] Level 1:colcon.colcon_core.environment:checking '/home/zahran/Desktop/manipulator_ws/install/manipulator_description/bin'
[0.607s] Level 1:colcon.colcon_core.environment:checking '/home/zahran/Desktop/manipulator_ws/install/manipulator_description/lib/pkgconfig/manipulator_description.pc'
[0.607s] Level 1:colcon.colcon_core.environment:checking '/home/zahran/Desktop/manipulator_ws/install/manipulator_description/lib/python3.10/site-packages'
[0.608s] Level 1:colcon.colcon_core.environment:checking '/home/zahran/Desktop/manipulator_ws/install/manipulator_description/bin'
[0.608s] INFO:colcon.colcon_core.shell:Creating package script '/home/zahran/Desktop/manipulator_ws/install/manipulator_description/share/manipulator_description/package.ps1'
[0.608s] INFO:colcon.colcon_core.shell:Creating package descriptor '/home/zahran/Desktop/manipulator_ws/install/manipulator_description/share/manipulator_description/package.dsv'
[0.608s] INFO:colcon.colcon_core.shell:Creating package script '/home/zahran/Desktop/manipulator_ws/install/manipulator_description/share/manipulator_description/package.sh'
[0.609s] INFO:colcon.colcon_core.shell:Creating package script '/home/zahran/Desktop/manipulator_ws/install/manipulator_description/share/manipulator_description/package.bash'
[0.609s] INFO:colcon.colcon_core.shell:Creating package script '/home/zahran/Desktop/manipulator_ws/install/manipulator_description/share/manipulator_description/package.zsh'
[0.609s] Level 1:colcon.colcon_core.environment:create_file_with_runtime_dependencies(/home/zahran/Desktop/manipulator_ws/install/manipulator_description/share/colcon-core/packages/manipulator_description)
[0.858s] DEBUG:colcon.colcon_core.event_handler.log_command:Invoking command in '/home/zahran/Desktop/manipulator_ws/src/manipulator_py': PYTHONPATH=/home/zahran/Desktop/manipulator_ws/build/manipulator_py/prefix_override:/usr/lib/python3/dist-packages/colcon_core/task/python/colcon_distutils_commands:/home/zahran/Desktop/manipulator_ws/install/manipulator_py/lib/python3.10/site-packages:${PYTHONPATH} /usr/bin/python3 -W ignore:setup.py install is deprecated -W ignore:easy_install command is deprecated setup.py egg_info --egg-base ../../build/manipulator_py build --build-base /home/zahran/Desktop/manipulator_ws/build/manipulator_py/build install --record /home/zahran/Desktop/manipulator_ws/build/manipulator_py/install.log --single-version-externally-managed install_data
[1.060s] Level 1:colcon.colcon_core.environment:checking '/home/zahran/Desktop/manipulator_ws/install/manipulator_py' for CMake module files
[1.061s] DEBUG:colcon.colcon_core.event_handler.log_command:Invoked command in '/home/zahran/Desktop/manipulator_ws/src/manipulator_py' returned '0': PYTHONPATH=/home/zahran/Desktop/manipulator_ws/build/manipulator_py/prefix_override:/usr/lib/python3/dist-packages/colcon_core/task/python/colcon_distutils_commands:/home/zahran/Desktop/manipulator_ws/install/manipulator_py/lib/python3.10/site-packages:${PYTHONPATH} /usr/bin/python3 -W ignore:setup.py install is deprecated -W ignore:easy_install command is deprecated setup.py egg_info --egg-base ../../build/manipulator_py build --build-base /home/zahran/Desktop/manipulator_ws/build/manipulator_py/build install --record /home/zahran/Desktop/manipulator_ws/build/manipulator_py/install.log --single-version-externally-managed install_data
[1.061s] Level 1:colcon.colcon_core.environment:checking '/home/zahran/Desktop/manipulator_ws/install/manipulator_py' for CMake config files
[1.061s] Level 1:colcon.colcon_core.environment:checking '/home/zahran/Desktop/manipulator_ws/install/manipulator_py/lib'
[1.061s] Level 1:colcon.colcon_core.environment:checking '/home/zahran/Desktop/manipulator_ws/install/manipulator_py/bin'
[1.061s] Level 1:colcon.colcon_core.environment:checking '/home/zahran/Desktop/manipulator_ws/install/manipulator_py/lib/pkgconfig/manipulator_py.pc'
[1.062s] Level 1:colcon.colcon_core.environment:checking '/home/zahran/Desktop/manipulator_ws/install/manipulator_py/lib/python3.10/site-packages'
[1.062s] Level 1:colcon.colcon_core.shell:create_environment_hook('manipulator_py', 'pythonpath')
[1.062s] INFO:colcon.colcon_core.shell:Creating environment hook '/home/zahran/Desktop/manipulator_ws/install/manipulator_py/share/manipulator_py/hook/pythonpath.ps1'
[1.062s] INFO:colcon.colcon_core.shell:Creating environment descriptor '/home/zahran/Desktop/manipulator_ws/install/manipulator_py/share/manipulator_py/hook/pythonpath.dsv'
[1.062s] INFO:colcon.colcon_core.shell:Creating environment hook '/home/zahran/Desktop/manipulator_ws/install/manipulator_py/share/manipulator_py/hook/pythonpath.sh'
[1.063s] Level 1:colcon.colcon_core.environment:checking '/home/zahran/Desktop/manipulator_ws/install/manipulator_py/bin'
[1.063s] Level 1:colcon.colcon_core.environment:create_environment_scripts_only(manipulator_py)
[1.063s] INFO:colcon.colcon_core.shell:Creating package script '/home/zahran/Desktop/manipulator_ws/install/manipulator_py/share/manipulator_py/package.ps1'
[1.063s] INFO:colcon.colcon_core.shell:Creating package descriptor '/home/zahran/Desktop/manipulator_ws/install/manipulator_py/share/manipulator_py/package.dsv'
[1.064s] INFO:colcon.colcon_core.shell:Creating package script '/home/zahran/Desktop/manipulator_ws/install/manipulator_py/share/manipulator_py/package.sh'
[1.064s] INFO:colcon.colcon_core.shell:Creating package script '/home/zahran/Desktop/manipulator_ws/install/manipulator_py/share/manipulator_py/package.bash'
[1.065s] INFO:colcon.colcon_core.shell:Creating package script '/home/zahran/Desktop/manipulator_ws/install/manipulator_py/share/manipulator_py/package.zsh'
[1.065s] Level 1:colcon.colcon_core.environment:create_file_with_runtime_dependencies(/home/zahran/Desktop/manipulator_ws/install/manipulator_py/share/colcon-core/packages/manipulator_py)
[1.065s] DEBUG:colcon.colcon_parallel_executor.executor.parallel:closing loop
[1.065s] DEBUG:colcon.colcon_parallel_executor.executor.parallel:loop closed
[1.065s] DEBUG:colcon.colcon_parallel_executor.executor.parallel:run_until_complete finished with '0'
[1.066s] DEBUG:colcon.colcon_core.event_reactor:joining thread
[1.069s] INFO:colcon.colcon_core.plugin_system:Skipping extension 'colcon_notification.desktop_notification.terminal_notifier': Not used on non-Darwin systems
[1.069s] INFO:colcon.colcon_core.plugin_system:Skipping extension 'colcon_notification.desktop_notification.win32': Not used on non-Windows systems
[1.069s] INFO:colcon.colcon_notification.desktop_notification:Sending desktop notification using 'notify2'
[1.077s] DEBUG:colcon.colcon_core.event_reactor:joined thread
[1.077s] INFO:colcon.colcon_core.shell:Creating prefix script '/home/zahran/Desktop/manipulator_ws/install/local_setup.ps1'
[1.078s] INFO:colcon.colcon_core.shell:Creating prefix util module '/home/zahran/Desktop/manipulator_ws/install/_local_setup_util_ps1.py'
[1.079s] INFO:colcon.colcon_core.shell:Creating prefix chain script '/home/zahran/Desktop/manipulator_ws/install/setup.ps1'
[1.080s] INFO:colcon.colcon_core.shell:Creating prefix script '/home/zahran/Desktop/manipulator_ws/install/local_setup.sh'
[1.081s] INFO:colcon.colcon_core.shell:Creating prefix util module '/home/zahran/Desktop/manipulator_ws/install/_local_setup_util_sh.py'
[1.081s] INFO:colcon.colcon_core.shell:Creating prefix chain script '/home/zahran/Desktop/manipulator_ws/install/setup.sh'
[1.082s] INFO:colcon.colcon_core.shell:Creating prefix script '/home/zahran/Desktop/manipulator_ws/install/local_setup.bash'
[1.082s] INFO:colcon.colcon_core.shell:Creating prefix chain script '/home/zahran/Desktop/manipulator_ws/install/setup.bash'
[1.083s] INFO:colcon.colcon_core.shell:Creating prefix script '/home/zahran/Desktop/manipulator_ws/install/local_setup.zsh'
[1.083s] INFO:colcon.colcon_core.shell:Creating prefix chain script '/home/zahran/Desktop/manipulator_ws/install/setup.zsh'
